<?xml version="1.0" encoding="UTF-8"?>
<TestRun id="9187ec8f-03af-408a-878c-c899079824b8" name="Rasmus Bauck@BEKK-RASMUSB 2012-05-12 13:35:40" runUser="BEKKNO\Rasmus Bauck" xmlns="http://microsoft.com/schemas/VisualStudio/TeamTest/2010">
  <TestSettings name="Default Test Settings" id="69ccb423-ee06-46e0-9862-009c0304368c">
    <Deployment runDeploymentRoot="Rasmus Bauck_BEKK-RASMUSB 2012-05-12 13_35_40">
      <DeploymentItem filename="D:\projects\Tipping\Tipping.Domain\bin\Debug\Tipping.Domain.dll" />
      <DeploymentItem filename="D:\projects\Tipping\Tipping\bin\Tipping.dll" />
    </Deployment>
    <Execution>
      <TestTypeSpecific />
      <AgentRule name="Execution Agents">
      </AgentRule>
    </Execution>
  </TestSettings>
  <Times creation="2012-05-12T13:35:40.2007990+02:00" queuing="2012-05-12T13:35:40.4598138+02:00" start="2012-05-12T13:35:40.4668142+02:00" finish="2012-05-12T13:35:41.1468531+02:00" />
  <ResultSummary outcome="Failed">
    <Counters total="8" executed="8" passed="7" error="0" failed="1" timeout="0" aborted="0" inconclusive="0" passedButRunAborted="0" notRunnable="0" notExecuted="0" disconnected="0" warning="0" completed="0" inProgress="0" pending="0" />
  </ResultSummary>
  <TestDefinitions>
    <UnitTest name="About" storage="d:\projects\tipping\tipping.tests\bin\debug\tipping.tests.dll" id="1e0a5c9f-db49-40fd-b0a7-83e6ac61f990">
      <Execution id="95cbc897-1c83-4f28-9ab3-20c152281819" />
      <TestMethod codeBase="D:/projects/Tipping/Tipping.Tests/bin/Debug/Tipping.Tests.DLL" adapterTypeName="Microsoft.VisualStudio.TestTools.TestTypes.Unit.UnitTestAdapter, Microsoft.VisualStudio.QualityTools.Tips.UnitTest.Adapter, Version=10.0.0.0, Culture=neutral, PublicKeyToken=b03f5f7f11d50a3a" className="Tipping.Tests.Controllers.HomeControllerTest, Tipping.Tests, Version=1.0.0.0, Culture=neutral, PublicKeyToken=null" name="About" />
    </UnitTest>
    <UnitTest name="TipsIkkeLevertSkalAlltidGiNullPoeng" storage="d:\projects\tipping\tipping.tests\bin\debug\tipping.tests.dll" id="6e29a2a4-8a59-9bef-2773-836da5906a7a">
      <Execution id="dacfb980-2bec-4aab-a4f7-c76826baf679" />
      <TestMethod codeBase="D:/projects/Tipping/Tipping.Tests/bin/Debug/Tipping.Tests.DLL" adapterTypeName="Microsoft.VisualStudio.TestTools.TestTypes.Unit.UnitTestAdapter, Microsoft.VisualStudio.QualityTools.Tips.UnitTest.Adapter, Version=10.0.0.0, Culture=neutral, PublicKeyToken=b03f5f7f11d50a3a" className="Tipping.Tests.Tipping.Domain.Tests.PoengBeregnerTester, Tipping.Tests, Version=1.0.0.0, Culture=neutral, PublicKeyToken=null" name="TipsIkkeLevertSkalAlltidGiNullPoeng" />
    </UnitTest>
    <UnitTest name="Contact" storage="d:\projects\tipping\tipping.tests\bin\debug\tipping.tests.dll" id="9088ec97-5456-5b2c-c5c6-1f8040b776fc">
      <Execution id="d8561867-8687-468b-b45f-1a4bad7e4392" />
      <TestMethod codeBase="D:/projects/Tipping/Tipping.Tests/bin/Debug/Tipping.Tests.DLL" adapterTypeName="Microsoft.VisualStudio.TestTools.TestTypes.Unit.UnitTestAdapter, Microsoft.VisualStudio.QualityTools.Tips.UnitTest.Adapter, Version=10.0.0.0, Culture=neutral, PublicKeyToken=b03f5f7f11d50a3a" className="Tipping.Tests.Controllers.HomeControllerTest, Tipping.Tests, Version=1.0.0.0, Culture=neutral, PublicKeyToken=null" name="Contact" />
    </UnitTest>
    <UnitTest name="KampIkkeFerdigspiltSkalAlltidGiNullPoeng" storage="d:\projects\tipping\tipping.tests\bin\debug\tipping.tests.dll" id="e4eeb839-924a-d74f-e41f-8b2d7a7e451a">
      <Execution id="6d3fb384-e63d-4fcb-ac15-faa50df49f6d" />
      <TestMethod codeBase="D:/projects/Tipping/Tipping.Tests/bin/Debug/Tipping.Tests.DLL" adapterTypeName="Microsoft.VisualStudio.TestTools.TestTypes.Unit.UnitTestAdapter, Microsoft.VisualStudio.QualityTools.Tips.UnitTest.Adapter, Version=10.0.0.0, Culture=neutral, PublicKeyToken=b03f5f7f11d50a3a" className="Tipping.Tests.Tipping.Domain.Tests.PoengBeregnerTester, Tipping.Tests, Version=1.0.0.0, Culture=neutral, PublicKeyToken=null" name="KampIkkeFerdigspiltSkalAlltidGiNullPoeng" />
    </UnitTest>
    <UnitTest name="Index" storage="d:\projects\tipping\tipping.tests\bin\debug\tipping.tests.dll" id="3413db79-93bf-7a28-664d-6da1ff034421">
      <Execution id="a2308ebb-f76b-407c-9c65-9dd56f7d7faf" />
      <TestMethod codeBase="D:/projects/Tipping/Tipping.Tests/bin/Debug/Tipping.Tests.DLL" adapterTypeName="Microsoft.VisualStudio.TestTools.TestTypes.Unit.UnitTestAdapter, Microsoft.VisualStudio.QualityTools.Tips.UnitTest.Adapter, Version=10.0.0.0, Culture=neutral, PublicKeyToken=b03f5f7f11d50a3a" className="Tipping.Tests.Controllers.HomeControllerTest, Tipping.Tests, Version=1.0.0.0, Culture=neutral, PublicKeyToken=null" name="Index" />
    </UnitTest>
    <UnitTest name="EksaktRiktigTipsSkalGiFirePoeng" storage="d:\projects\tipping\tipping.tests\bin\debug\tipping.tests.dll" id="7c3d40ef-0a3d-bc0e-7415-c863b6cc761c">
      <Execution id="9b5b993f-272d-4e5a-bbf7-a7c51fdd7ab0" />
      <TestMethod codeBase="D:/projects/Tipping/Tipping.Tests/bin/Debug/Tipping.Tests.DLL" adapterTypeName="Microsoft.VisualStudio.TestTools.TestTypes.Unit.UnitTestAdapter, Microsoft.VisualStudio.QualityTools.Tips.UnitTest.Adapter, Version=10.0.0.0, Culture=neutral, PublicKeyToken=b03f5f7f11d50a3a" className="Tipping.Tests.Tipping.Domain.Tests.PoengBeregnerTester, Tipping.Tests, Version=1.0.0.0, Culture=neutral, PublicKeyToken=null" name="EksaktRiktigTipsSkalGiFirePoeng" />
    </UnitTest>
    <UnitTest name="KampConstructorFungererSomForventet" storage="d:\projects\tipping\tipping.tests\bin\debug\tipping.tests.dll" id="254f1257-3080-ed23-150f-9e6a5216b171">
      <Execution id="b433c6b4-b04b-498d-aafa-452c8da594c1" />
      <TestMethod codeBase="D:/projects/Tipping/Tipping.Tests/bin/Debug/Tipping.Tests.DLL" adapterTypeName="Microsoft.VisualStudio.TestTools.TestTypes.Unit.UnitTestAdapter, Microsoft.VisualStudio.QualityTools.Tips.UnitTest.Adapter, Version=10.0.0.0, Culture=neutral, PublicKeyToken=b03f5f7f11d50a3a" className="Tipping.Tests.Tipping.Domain.Tests.KampTester, Tipping.Tests, Version=1.0.0.0, Culture=neutral, PublicKeyToken=null" name="KampConstructorFungererSomForventet" />
    </UnitTest>
    <UnitTest name="RiktigUavgjortTippetegnMenFeilResultatSkalGiEttPoeng" storage="d:\projects\tipping\tipping.tests\bin\debug\tipping.tests.dll" id="6373b170-c5f8-84ae-cfe6-85ee62b6dfac">
      <Execution id="c03312d1-97a8-4424-857b-8b06c7b070f6" />
      <TestMethod codeBase="D:/projects/Tipping/Tipping.Tests/bin/Debug/Tipping.Tests.DLL" adapterTypeName="Microsoft.VisualStudio.TestTools.TestTypes.Unit.UnitTestAdapter, Microsoft.VisualStudio.QualityTools.Tips.UnitTest.Adapter, Version=10.0.0.0, Culture=neutral, PublicKeyToken=b03f5f7f11d50a3a" className="Tipping.Tests.Tipping.Domain.Tests.PoengBeregnerTester, Tipping.Tests, Version=1.0.0.0, Culture=neutral, PublicKeyToken=null" name="RiktigUavgjortTippetegnMenFeilResultatSkalGiEttPoeng" />
    </UnitTest>
  </TestDefinitions>
  <TestLists>
    <TestList name="Results Not in a List" id="8c84fa94-04c1-424b-9868-57a2d4851a1d" />
    <TestList name="All Loaded Results" id="19431567-8539-422a-85d7-44ee4e166bda" />
  </TestLists>
  <TestEntries>
    <TestEntry testId="1e0a5c9f-db49-40fd-b0a7-83e6ac61f990" executionId="95cbc897-1c83-4f28-9ab3-20c152281819" testListId="8c84fa94-04c1-424b-9868-57a2d4851a1d" />
    <TestEntry testId="254f1257-3080-ed23-150f-9e6a5216b171" executionId="b433c6b4-b04b-498d-aafa-452c8da594c1" testListId="8c84fa94-04c1-424b-9868-57a2d4851a1d" />
    <TestEntry testId="3413db79-93bf-7a28-664d-6da1ff034421" executionId="a2308ebb-f76b-407c-9c65-9dd56f7d7faf" testListId="8c84fa94-04c1-424b-9868-57a2d4851a1d" />
    <TestEntry testId="6373b170-c5f8-84ae-cfe6-85ee62b6dfac" executionId="c03312d1-97a8-4424-857b-8b06c7b070f6" testListId="8c84fa94-04c1-424b-9868-57a2d4851a1d" />
    <TestEntry testId="6e29a2a4-8a59-9bef-2773-836da5906a7a" executionId="dacfb980-2bec-4aab-a4f7-c76826baf679" testListId="8c84fa94-04c1-424b-9868-57a2d4851a1d" />
    <TestEntry testId="7c3d40ef-0a3d-bc0e-7415-c863b6cc761c" executionId="9b5b993f-272d-4e5a-bbf7-a7c51fdd7ab0" testListId="8c84fa94-04c1-424b-9868-57a2d4851a1d" />
    <TestEntry testId="9088ec97-5456-5b2c-c5c6-1f8040b776fc" executionId="d8561867-8687-468b-b45f-1a4bad7e4392" testListId="8c84fa94-04c1-424b-9868-57a2d4851a1d" />
    <TestEntry testId="e4eeb839-924a-d74f-e41f-8b2d7a7e451a" executionId="6d3fb384-e63d-4fcb-ac15-faa50df49f6d" testListId="8c84fa94-04c1-424b-9868-57a2d4851a1d" />
  </TestEntries>
  <Results>
    <UnitTestResult executionId="95cbc897-1c83-4f28-9ab3-20c152281819" testId="1e0a5c9f-db49-40fd-b0a7-83e6ac61f990" testName="About" computerName="BEKK-RASMUSB" duration="00:00:00.0517699" startTime="2012-05-12T13:35:40.6408241+02:00" endTime="2012-05-12T13:35:40.9828437+02:00" testType="13cdc9d9-ddb5-4fa4-a97d-d965ccfc6d4b" outcome="Passed" testListId="8c84fa94-04c1-424b-9868-57a2d4851a1d" relativeResultsDirectory="95cbc897-1c83-4f28-9ab3-20c152281819">
    </UnitTestResult>
    <UnitTestResult executionId="b433c6b4-b04b-498d-aafa-452c8da594c1" testId="254f1257-3080-ed23-150f-9e6a5216b171" testName="KampConstructorFungererSomForventet" computerName="BEKK-RASMUSB" duration="00:00:00.0030715" startTime="2012-05-12T13:35:40.9848438+02:00" endTime="2012-05-12T13:35:40.9918442+02:00" testType="13cdc9d9-ddb5-4fa4-a97d-d965ccfc6d4b" outcome="Passed" testListId="8c84fa94-04c1-424b-9868-57a2d4851a1d" relativeResultsDirectory="b433c6b4-b04b-498d-aafa-452c8da594c1">
    </UnitTestResult>
    <UnitTestResult executionId="a2308ebb-f76b-407c-9c65-9dd56f7d7faf" testId="3413db79-93bf-7a28-664d-6da1ff034421" testName="Index" computerName="BEKK-RASMUSB" duration="00:00:00.0163455" startTime="2012-05-12T13:35:40.9938443+02:00" endTime="2012-05-12T13:35:41.0148455+02:00" testType="13cdc9d9-ddb5-4fa4-a97d-d965ccfc6d4b" outcome="Passed" testListId="8c84fa94-04c1-424b-9868-57a2d4851a1d" relativeResultsDirectory="a2308ebb-f76b-407c-9c65-9dd56f7d7faf">
    </UnitTestResult>
    <UnitTestResult executionId="c03312d1-97a8-4424-857b-8b06c7b070f6" testId="6373b170-c5f8-84ae-cfe6-85ee62b6dfac" testName="RiktigUavgjortTippetegnMenFeilResultatSkalGiEttPoeng" computerName="BEKK-RASMUSB" duration="00:00:00.0147067" startTime="2012-05-12T13:35:41.0158456+02:00" endTime="2012-05-12T13:35:41.0398470+02:00" testType="13cdc9d9-ddb5-4fa4-a97d-d965ccfc6d4b" outcome="Failed" testListId="8c84fa94-04c1-424b-9868-57a2d4851a1d" relativeResultsDirectory="c03312d1-97a8-4424-857b-8b06c7b070f6">
      <Output>
        <ErrorInfo>
          <Message>Assert.AreEqual failed. Expected:&lt;1&gt;. Actual:&lt;2&gt;. </Message>
          <StackTrace>   at Tipping.Tests.Tipping.Domain.Tests.PoengBeregnerTester.RiktigUavgjortTippetegnMenFeilResultatSkalGiEttPoeng() in D:\projects\Tipping\Tipping.Tests\Tipping.Domain.Tests\PoengBeregnerTester.cs:line 98
</StackTrace>
        </ErrorInfo>
      </Output>
    </UnitTestResult>
    <UnitTestResult executionId="dacfb980-2bec-4aab-a4f7-c76826baf679" testId="6e29a2a4-8a59-9bef-2773-836da5906a7a" testName="TipsIkkeLevertSkalAlltidGiNullPoeng" computerName="BEKK-RASMUSB" duration="00:00:00.0009634" startTime="2012-05-12T13:35:41.0428471+02:00" endTime="2012-05-12T13:35:41.0548478+02:00" testType="13cdc9d9-ddb5-4fa4-a97d-d965ccfc6d4b" outcome="Passed" testListId="8c84fa94-04c1-424b-9868-57a2d4851a1d" relativeResultsDirectory="dacfb980-2bec-4aab-a4f7-c76826baf679">
    </UnitTestResult>
    <UnitTestResult executionId="9b5b993f-272d-4e5a-bbf7-a7c51fdd7ab0" testId="7c3d40ef-0a3d-bc0e-7415-c863b6cc761c" testName="EksaktRiktigTipsSkalGiFirePoeng" computerName="BEKK-RASMUSB" duration="00:00:00.0002368" startTime="2012-05-12T13:35:41.0578480+02:00" endTime="2012-05-12T13:35:41.0608482+02:00" testType="13cdc9d9-ddb5-4fa4-a97d-d965ccfc6d4b" outcome="Passed" testListId="8c84fa94-04c1-424b-9868-57a2d4851a1d" relativeResultsDirectory="9b5b993f-272d-4e5a-bbf7-a7c51fdd7ab0">
    </UnitTestResult>
    <UnitTestResult executionId="d8561867-8687-468b-b45f-1a4bad7e4392" testId="9088ec97-5456-5b2c-c5c6-1f8040b776fc" testName="Contact" computerName="BEKK-RASMUSB" duration="00:00:00.0016824" startTime="2012-05-12T13:35:41.0618482+02:00" endTime="2012-05-12T13:35:41.0728488+02:00" testType="13cdc9d9-ddb5-4fa4-a97d-d965ccfc6d4b" outcome="Passed" testListId="8c84fa94-04c1-424b-9868-57a2d4851a1d" relativeResultsDirectory="d8561867-8687-468b-b45f-1a4bad7e4392">
    </UnitTestResult>
    <UnitTestResult executionId="6d3fb384-e63d-4fcb-ac15-faa50df49f6d" testId="e4eeb839-924a-d74f-e41f-8b2d7a7e451a" testName="KampIkkeFerdigspiltSkalAlltidGiNullPoeng" computerName="BEKK-RASMUSB" duration="00:00:00.0004355" startTime="2012-05-12T13:35:41.0748490+02:00" endTime="2012-05-12T13:35:41.0788492+02:00" testType="13cdc9d9-ddb5-4fa4-a97d-d965ccfc6d4b" outcome="Passed" testListId="8c84fa94-04c1-424b-9868-57a2d4851a1d" relativeResultsDirectory="6d3fb384-e63d-4fcb-ac15-faa50df49f6d">
    </UnitTestResult>
  </Results>
</TestRun>