<?xml version="1.0" encoding="UTF-8"?>
<TestRun id="4586b0fd-6c88-488d-8927-11502323055a" name="Rasmus Bauck@BEKK-RASMUSB 2012-05-12 13:20:17" runUser="BEKKNO\Rasmus Bauck" xmlns="http://microsoft.com/schemas/VisualStudio/TeamTest/2010">
  <TestSettings name="Default Test Settings" id="e611c220-9139-423c-bc53-6d09d4df49a5">
    <Deployment runDeploymentRoot="Rasmus Bauck_BEKK-RASMUSB 2012-05-12 13_20_17">
      <DeploymentItem filename="D:\projects\Tipping\Tipping.Domain\bin\Debug\Tipping.Domain.dll" />
      <DeploymentItem filename="D:\projects\Tipping\Tipping\bin\Tipping.dll" />
    </Deployment>
    <Execution>
      <TestTypeSpecific />
      <AgentRule name="Execution Agents">
      </AgentRule>
    </Execution>
  </TestSettings>
  <Times creation="2012-05-12T13:20:17.0769993+02:00" queuing="2012-05-12T13:20:18.6810911+02:00" start="2012-05-12T13:20:18.7300939+02:00" finish="2012-05-12T13:20:19.0161102+02:00" />
  <ResultSummary outcome="Completed">
    <Counters total="1" executed="1" passed="1" error="0" failed="0" timeout="0" aborted="0" inconclusive="0" passedButRunAborted="0" notRunnable="0" notExecuted="0" disconnected="0" warning="0" completed="0" inProgress="0" pending="0" />
  </ResultSummary>
  <TestDefinitions>
    <UnitTest name="KampIkkeFerdigspiltSkalAlltidGiNullPoeng" storage="d:\projects\tipping\tipping.tests\bin\debug\tipping.tests.dll" id="e4eeb839-924a-d74f-e41f-8b2d7a7e451a">
      <Execution id="c4ccbee7-9d22-4923-9e22-e146ba110490" />
      <TestMethod codeBase="D:/projects/Tipping/Tipping.Tests/bin/Debug/Tipping.Tests.DLL" adapterTypeName="Microsoft.VisualStudio.TestTools.TestTypes.Unit.UnitTestAdapter, Microsoft.VisualStudio.QualityTools.Tips.UnitTest.Adapter, Version=10.0.0.0, Culture=neutral, PublicKeyToken=b03f5f7f11d50a3a" className="Tipping.Tests.Tipping.Domain.Tests.PoengBeregnerTester, Tipping.Tests, Version=1.0.0.0, Culture=neutral, PublicKeyToken=null" name="KampIkkeFerdigspiltSkalAlltidGiNullPoeng" />
    </UnitTest>
  </TestDefinitions>
  <TestLists>
    <TestList name="Results Not in a List" id="8c84fa94-04c1-424b-9868-57a2d4851a1d" />
    <TestList name="All Loaded Results" id="19431567-8539-422a-85d7-44ee4e166bda" />
  </TestLists>
  <TestEntries>
    <TestEntry testId="e4eeb839-924a-d74f-e41f-8b2d7a7e451a" executionId="c4ccbee7-9d22-4923-9e22-e146ba110490" testListId="8c84fa94-04c1-424b-9868-57a2d4851a1d" />
  </TestEntries>
  <Results>
    <UnitTestResult executionId="c4ccbee7-9d22-4923-9e22-e146ba110490" testId="e4eeb839-924a-d74f-e41f-8b2d7a7e451a" testName="KampIkkeFerdigspiltSkalAlltidGiNullPoeng" computerName="BEKK-RASMUSB" duration="00:00:00.0149043" startTime="2012-05-12T13:20:18.7440947+02:00" endTime="2012-05-12T13:20:19.0011094+02:00" testType="13cdc9d9-ddb5-4fa4-a97d-d965ccfc6d4b" outcome="Passed" testListId="8c84fa94-04c1-424b-9868-57a2d4851a1d" relativeResultsDirectory="c4ccbee7-9d22-4923-9e22-e146ba110490">
    </UnitTestResult>
  </Results>
</TestRun>