<?xml version="1.0" encoding="UTF-8"?>
<TestRun id="bf450b7b-e38e-43b9-900d-16975bf82cb6" name="Rasmus Bauck@BEKK-RASMUSB 2012-05-12 13:39:28" runUser="BEKKNO\Rasmus Bauck" xmlns="http://microsoft.com/schemas/VisualStudio/TeamTest/2010">
  <TestSettings name="Default Test Settings" id="121fd681-a824-467e-a629-63256bbad8c5">
    <Deployment runDeploymentRoot="Rasmus Bauck_BEKK-RASMUSB 2012-05-12 13_39_28">
      <DeploymentItem filename="D:\projects\Tipping\Tipping.Domain\bin\Debug\Tipping.Domain.dll" />
      <DeploymentItem filename="D:\projects\Tipping\Tipping\bin\Tipping.dll" />
    </Deployment>
    <Execution>
      <TestTypeSpecific />
      <AgentRule name="Execution Agents">
      </AgentRule>
    </Execution>
  </TestSettings>
  <Times creation="2012-05-12T13:39:28.0198295+02:00" queuing="2012-05-12T13:39:28.5388592+02:00" start="2012-05-12T13:39:28.5568602+02:00" finish="2012-05-12T13:39:29.4729126+02:00" />
  <ResultSummary outcome="Failed">
    <Counters total="10" executed="10" passed="9" error="0" failed="1" timeout="0" aborted="0" inconclusive="0" passedButRunAborted="0" notRunnable="0" notExecuted="0" disconnected="0" warning="0" completed="0" inProgress="0" pending="0" />
  </ResultSummary>
  <TestDefinitions>
    <UnitTest name="About" storage="d:\projects\tipping\tipping.tests\bin\debug\tipping.tests.dll" id="1e0a5c9f-db49-40fd-b0a7-83e6ac61f990">
      <Execution id="ab6d008e-4157-4f19-a9b3-8ca7874f8ff3" />
      <TestMethod codeBase="D:/projects/Tipping/Tipping.Tests/bin/Debug/Tipping.Tests.DLL" adapterTypeName="Microsoft.VisualStudio.TestTools.TestTypes.Unit.UnitTestAdapter, Microsoft.VisualStudio.QualityTools.Tips.UnitTest.Adapter, Version=10.0.0.0, Culture=neutral, PublicKeyToken=b03f5f7f11d50a3a" className="Tipping.Tests.Controllers.HomeControllerTest, Tipping.Tests, Version=1.0.0.0, Culture=neutral, PublicKeyToken=null" name="About" />
    </UnitTest>
    <UnitTest name="TipsIkkeLevertSkalAlltidGiNullPoeng" storage="d:\projects\tipping\tipping.tests\bin\debug\tipping.tests.dll" id="6e29a2a4-8a59-9bef-2773-836da5906a7a">
      <Execution id="671e24a8-d281-4c18-abcd-854e938af01d" />
      <TestMethod codeBase="D:/projects/Tipping/Tipping.Tests/bin/Debug/Tipping.Tests.DLL" adapterTypeName="Microsoft.VisualStudio.TestTools.TestTypes.Unit.UnitTestAdapter, Microsoft.VisualStudio.QualityTools.Tips.UnitTest.Adapter, Version=10.0.0.0, Culture=neutral, PublicKeyToken=b03f5f7f11d50a3a" className="Tipping.Tests.Tipping.Domain.Tests.PoengBeregnerTester, Tipping.Tests, Version=1.0.0.0, Culture=neutral, PublicKeyToken=null" name="TipsIkkeLevertSkalAlltidGiNullPoeng" />
    </UnitTest>
    <UnitTest name="RiktigDifferanseMenFeilResultatSkalGiToPoeng" storage="d:\projects\tipping\tipping.tests\bin\debug\tipping.tests.dll" id="4d24e7fb-3034-e744-4f23-044e0ce9f167">
      <Execution id="b4ca5ee1-1c3e-4ef8-9779-d2fa42d2d2de" />
      <TestMethod codeBase="D:/projects/Tipping/Tipping.Tests/bin/Debug/Tipping.Tests.DLL" adapterTypeName="Microsoft.VisualStudio.TestTools.TestTypes.Unit.UnitTestAdapter, Microsoft.VisualStudio.QualityTools.Tips.UnitTest.Adapter, Version=10.0.0.0, Culture=neutral, PublicKeyToken=b03f5f7f11d50a3a" className="Tipping.Tests.Tipping.Domain.Tests.PoengBeregnerTester, Tipping.Tests, Version=1.0.0.0, Culture=neutral, PublicKeyToken=null" name="RiktigDifferanseMenFeilResultatSkalGiToPoeng" />
    </UnitTest>
    <UnitTest name="KampIkkeFerdigspiltSkalAlltidGiNullPoeng" storage="d:\projects\tipping\tipping.tests\bin\debug\tipping.tests.dll" id="e4eeb839-924a-d74f-e41f-8b2d7a7e451a">
      <Execution id="55169ab3-99e1-4025-a91f-47fec373c666" />
      <TestMethod codeBase="D:/projects/Tipping/Tipping.Tests/bin/Debug/Tipping.Tests.DLL" adapterTypeName="Microsoft.VisualStudio.TestTools.TestTypes.Unit.UnitTestAdapter, Microsoft.VisualStudio.QualityTools.Tips.UnitTest.Adapter, Version=10.0.0.0, Culture=neutral, PublicKeyToken=b03f5f7f11d50a3a" className="Tipping.Tests.Tipping.Domain.Tests.PoengBeregnerTester, Tipping.Tests, Version=1.0.0.0, Culture=neutral, PublicKeyToken=null" name="KampIkkeFerdigspiltSkalAlltidGiNullPoeng" />
    </UnitTest>
    <UnitTest name="Index" storage="d:\projects\tipping\tipping.tests\bin\debug\tipping.tests.dll" id="3413db79-93bf-7a28-664d-6da1ff034421">
      <Execution id="0e67cafb-e360-41fb-8e8e-c2420043f20e" />
      <TestMethod codeBase="D:/projects/Tipping/Tipping.Tests/bin/Debug/Tipping.Tests.DLL" adapterTypeName="Microsoft.VisualStudio.TestTools.TestTypes.Unit.UnitTestAdapter, Microsoft.VisualStudio.QualityTools.Tips.UnitTest.Adapter, Version=10.0.0.0, Culture=neutral, PublicKeyToken=b03f5f7f11d50a3a" className="Tipping.Tests.Controllers.HomeControllerTest, Tipping.Tests, Version=1.0.0.0, Culture=neutral, PublicKeyToken=null" name="Index" />
    </UnitTest>
    <UnitTest name="ForskjelligKampIDOgTipsKampIDSkalAlltidGiNullPoeng" storage="d:\projects\tipping\tipping.tests\bin\debug\tipping.tests.dll" id="729b28c2-6b32-264f-6e93-2282632eb610">
      <Execution id="9b518319-a1eb-4b9d-bdc6-af2118412981" />
      <TestMethod codeBase="D:/projects/Tipping/Tipping.Tests/bin/Debug/Tipping.Tests.DLL" adapterTypeName="Microsoft.VisualStudio.TestTools.TestTypes.Unit.UnitTestAdapter, Microsoft.VisualStudio.QualityTools.Tips.UnitTest.Adapter, Version=10.0.0.0, Culture=neutral, PublicKeyToken=b03f5f7f11d50a3a" className="Tipping.Tests.Tipping.Domain.Tests.PoengBeregnerTester, Tipping.Tests, Version=1.0.0.0, Culture=neutral, PublicKeyToken=null" name="ForskjelligKampIDOgTipsKampIDSkalAlltidGiNullPoeng" />
    </UnitTest>
    <UnitTest name="EksaktRiktigTipsSkalGiFirePoeng" storage="d:\projects\tipping\tipping.tests\bin\debug\tipping.tests.dll" id="7c3d40ef-0a3d-bc0e-7415-c863b6cc761c">
      <Execution id="4d1b80a2-d9a3-469a-bda1-b25df1dc590f" />
      <TestMethod codeBase="D:/projects/Tipping/Tipping.Tests/bin/Debug/Tipping.Tests.DLL" adapterTypeName="Microsoft.VisualStudio.TestTools.TestTypes.Unit.UnitTestAdapter, Microsoft.VisualStudio.QualityTools.Tips.UnitTest.Adapter, Version=10.0.0.0, Culture=neutral, PublicKeyToken=b03f5f7f11d50a3a" className="Tipping.Tests.Tipping.Domain.Tests.PoengBeregnerTester, Tipping.Tests, Version=1.0.0.0, Culture=neutral, PublicKeyToken=null" name="EksaktRiktigTipsSkalGiFirePoeng" />
    </UnitTest>
    <UnitTest name="Contact" storage="d:\projects\tipping\tipping.tests\bin\debug\tipping.tests.dll" id="9088ec97-5456-5b2c-c5c6-1f8040b776fc">
      <Execution id="29672a5b-744a-4fb2-900f-8cdf2ac616e4" />
      <TestMethod codeBase="D:/projects/Tipping/Tipping.Tests/bin/Debug/Tipping.Tests.DLL" adapterTypeName="Microsoft.VisualStudio.TestTools.TestTypes.Unit.UnitTestAdapter, Microsoft.VisualStudio.QualityTools.Tips.UnitTest.Adapter, Version=10.0.0.0, Culture=neutral, PublicKeyToken=b03f5f7f11d50a3a" className="Tipping.Tests.Controllers.HomeControllerTest, Tipping.Tests, Version=1.0.0.0, Culture=neutral, PublicKeyToken=null" name="Contact" />
    </UnitTest>
    <UnitTest name="KampConstructorFungererSomForventet" storage="d:\projects\tipping\tipping.tests\bin\debug\tipping.tests.dll" id="254f1257-3080-ed23-150f-9e6a5216b171">
      <Execution id="df63b49b-cff7-4ed4-aa50-8fe75974243a" />
      <TestMethod codeBase="D:/projects/Tipping/Tipping.Tests/bin/Debug/Tipping.Tests.DLL" adapterTypeName="Microsoft.VisualStudio.TestTools.TestTypes.Unit.UnitTestAdapter, Microsoft.VisualStudio.QualityTools.Tips.UnitTest.Adapter, Version=10.0.0.0, Culture=neutral, PublicKeyToken=b03f5f7f11d50a3a" className="Tipping.Tests.Tipping.Domain.Tests.KampTester, Tipping.Tests, Version=1.0.0.0, Culture=neutral, PublicKeyToken=null" name="KampConstructorFungererSomForventet" />
    </UnitTest>
    <UnitTest name="RiktigUavgjortTippetegnMenFeilResultatSkalGiEttPoeng" storage="d:\projects\tipping\tipping.tests\bin\debug\tipping.tests.dll" id="6373b170-c5f8-84ae-cfe6-85ee62b6dfac">
      <Execution id="51377b15-ae25-4a10-bd7d-aa64074bb124" />
      <TestMethod codeBase="D:/projects/Tipping/Tipping.Tests/bin/Debug/Tipping.Tests.DLL" adapterTypeName="Microsoft.VisualStudio.TestTools.TestTypes.Unit.UnitTestAdapter, Microsoft.VisualStudio.QualityTools.Tips.UnitTest.Adapter, Version=10.0.0.0, Culture=neutral, PublicKeyToken=b03f5f7f11d50a3a" className="Tipping.Tests.Tipping.Domain.Tests.PoengBeregnerTester, Tipping.Tests, Version=1.0.0.0, Culture=neutral, PublicKeyToken=null" name="RiktigUavgjortTippetegnMenFeilResultatSkalGiEttPoeng" />
    </UnitTest>
  </TestDefinitions>
  <TestLists>
    <TestList name="Results Not in a List" id="8c84fa94-04c1-424b-9868-57a2d4851a1d" />
    <TestList name="All Loaded Results" id="19431567-8539-422a-85d7-44ee4e166bda" />
  </TestLists>
  <TestEntries>
    <TestEntry testId="1e0a5c9f-db49-40fd-b0a7-83e6ac61f990" executionId="ab6d008e-4157-4f19-a9b3-8ca7874f8ff3" testListId="8c84fa94-04c1-424b-9868-57a2d4851a1d" />
    <TestEntry testId="254f1257-3080-ed23-150f-9e6a5216b171" executionId="df63b49b-cff7-4ed4-aa50-8fe75974243a" testListId="8c84fa94-04c1-424b-9868-57a2d4851a1d" />
    <TestEntry testId="3413db79-93bf-7a28-664d-6da1ff034421" executionId="0e67cafb-e360-41fb-8e8e-c2420043f20e" testListId="8c84fa94-04c1-424b-9868-57a2d4851a1d" />
    <TestEntry testId="4d24e7fb-3034-e744-4f23-044e0ce9f167" executionId="b4ca5ee1-1c3e-4ef8-9779-d2fa42d2d2de" testListId="8c84fa94-04c1-424b-9868-57a2d4851a1d" />
    <TestEntry testId="6373b170-c5f8-84ae-cfe6-85ee62b6dfac" executionId="51377b15-ae25-4a10-bd7d-aa64074bb124" testListId="8c84fa94-04c1-424b-9868-57a2d4851a1d" />
    <TestEntry testId="6e29a2a4-8a59-9bef-2773-836da5906a7a" executionId="671e24a8-d281-4c18-abcd-854e938af01d" testListId="8c84fa94-04c1-424b-9868-57a2d4851a1d" />
    <TestEntry testId="729b28c2-6b32-264f-6e93-2282632eb610" executionId="9b518319-a1eb-4b9d-bdc6-af2118412981" testListId="8c84fa94-04c1-424b-9868-57a2d4851a1d" />
    <TestEntry testId="7c3d40ef-0a3d-bc0e-7415-c863b6cc761c" executionId="4d1b80a2-d9a3-469a-bda1-b25df1dc590f" testListId="8c84fa94-04c1-424b-9868-57a2d4851a1d" />
    <TestEntry testId="9088ec97-5456-5b2c-c5c6-1f8040b776fc" executionId="29672a5b-744a-4fb2-900f-8cdf2ac616e4" testListId="8c84fa94-04c1-424b-9868-57a2d4851a1d" />
    <TestEntry testId="e4eeb839-924a-d74f-e41f-8b2d7a7e451a" executionId="55169ab3-99e1-4025-a91f-47fec373c666" testListId="8c84fa94-04c1-424b-9868-57a2d4851a1d" />
  </TestEntries>
  <Results>
    <UnitTestResult executionId="ab6d008e-4157-4f19-a9b3-8ca7874f8ff3" testId="1e0a5c9f-db49-40fd-b0a7-83e6ac61f990" testName="About" computerName="BEKK-RASMUSB" duration="00:00:00.0514216" startTime="2012-05-12T13:39:28.7238697+02:00" endTime="2012-05-12T13:39:29.1748955+02:00" testType="13cdc9d9-ddb5-4fa4-a97d-d965ccfc6d4b" outcome="Passed" testListId="8c84fa94-04c1-424b-9868-57a2d4851a1d" relativeResultsDirectory="ab6d008e-4157-4f19-a9b3-8ca7874f8ff3">
    </UnitTestResult>
    <UnitTestResult executionId="df63b49b-cff7-4ed4-aa50-8fe75974243a" testId="254f1257-3080-ed23-150f-9e6a5216b171" testName="KampConstructorFungererSomForventet" computerName="BEKK-RASMUSB" duration="00:00:00.0030158" startTime="2012-05-12T13:39:29.1818959+02:00" endTime="2012-05-12T13:39:29.1878963+02:00" testType="13cdc9d9-ddb5-4fa4-a97d-d965ccfc6d4b" outcome="Passed" testListId="8c84fa94-04c1-424b-9868-57a2d4851a1d" relativeResultsDirectory="df63b49b-cff7-4ed4-aa50-8fe75974243a">
    </UnitTestResult>
    <UnitTestResult executionId="0e67cafb-e360-41fb-8e8e-c2420043f20e" testId="3413db79-93bf-7a28-664d-6da1ff034421" testName="Index" computerName="BEKK-RASMUSB" duration="00:00:00.0133652" startTime="2012-05-12T13:39:29.1908965+02:00" endTime="2012-05-12T13:39:29.2068974+02:00" testType="13cdc9d9-ddb5-4fa4-a97d-d965ccfc6d4b" outcome="Passed" testListId="8c84fa94-04c1-424b-9868-57a2d4851a1d" relativeResultsDirectory="0e67cafb-e360-41fb-8e8e-c2420043f20e">
    </UnitTestResult>
    <UnitTestResult executionId="b4ca5ee1-1c3e-4ef8-9779-d2fa42d2d2de" testId="4d24e7fb-3034-e744-4f23-044e0ce9f167" testName="RiktigDifferanseMenFeilResultatSkalGiToPoeng" computerName="BEKK-RASMUSB" duration="00:00:00.0141436" startTime="2012-05-12T13:39:29.2288986+02:00" endTime="2012-05-12T13:39:29.2458996+02:00" testType="13cdc9d9-ddb5-4fa4-a97d-d965ccfc6d4b" outcome="Failed" testListId="8c84fa94-04c1-424b-9868-57a2d4851a1d" relativeResultsDirectory="b4ca5ee1-1c3e-4ef8-9779-d2fa42d2d2de">
      <Output>
        <ErrorInfo>
          <Message>Assert.AreEqual failed. Expected:&lt;2&gt;. Actual:&lt;0&gt;. </Message>
          <StackTrace>   at Tipping.Tests.Tipping.Domain.Tests.PoengBeregnerTester.RiktigDifferanseMenFeilResultatSkalGiToPoeng() in D:\projects\Tipping\Tipping.Tests\Tipping.Domain.Tests\PoengBeregnerTester.cs:line 117
</StackTrace>
        </ErrorInfo>
      </Output>
    </UnitTestResult>
    <UnitTestResult executionId="51377b15-ae25-4a10-bd7d-aa64074bb124" testId="6373b170-c5f8-84ae-cfe6-85ee62b6dfac" testName="RiktigUavgjortTippetegnMenFeilResultatSkalGiEttPoeng" computerName="BEKK-RASMUSB" duration="00:00:00.0003152" startTime="2012-05-12T13:39:29.2589003+02:00" endTime="2012-05-12T13:39:29.2629006+02:00" testType="13cdc9d9-ddb5-4fa4-a97d-d965ccfc6d4b" outcome="Passed" testListId="8c84fa94-04c1-424b-9868-57a2d4851a1d" relativeResultsDirectory="51377b15-ae25-4a10-bd7d-aa64074bb124">
    </UnitTestResult>
    <UnitTestResult executionId="671e24a8-d281-4c18-abcd-854e938af01d" testId="6e29a2a4-8a59-9bef-2773-836da5906a7a" testName="TipsIkkeLevertSkalAlltidGiNullPoeng" computerName="BEKK-RASMUSB" duration="00:00:00.0014969" startTime="2012-05-12T13:39:29.2659007+02:00" endTime="2012-05-12T13:39:29.2699010+02:00" testType="13cdc9d9-ddb5-4fa4-a97d-d965ccfc6d4b" outcome="Passed" testListId="8c84fa94-04c1-424b-9868-57a2d4851a1d" relativeResultsDirectory="671e24a8-d281-4c18-abcd-854e938af01d">
    </UnitTestResult>
    <UnitTestResult executionId="9b518319-a1eb-4b9d-bdc6-af2118412981" testId="729b28c2-6b32-264f-6e93-2282632eb610" testName="ForskjelligKampIDOgTipsKampIDSkalAlltidGiNullPoeng" computerName="BEKK-RASMUSB" duration="00:00:00.0009774" startTime="2012-05-12T13:39:29.2719011+02:00" endTime="2012-05-12T13:39:29.2759013+02:00" testType="13cdc9d9-ddb5-4fa4-a97d-d965ccfc6d4b" outcome="Passed" testListId="8c84fa94-04c1-424b-9868-57a2d4851a1d" relativeResultsDirectory="9b518319-a1eb-4b9d-bdc6-af2118412981">
    </UnitTestResult>
    <UnitTestResult executionId="4d1b80a2-d9a3-469a-bda1-b25df1dc590f" testId="7c3d40ef-0a3d-bc0e-7415-c863b6cc761c" testName="EksaktRiktigTipsSkalGiFirePoeng" computerName="BEKK-RASMUSB" duration="00:00:00.0007805" startTime="2012-05-12T13:39:29.2789015+02:00" endTime="2012-05-12T13:39:29.2819017+02:00" testType="13cdc9d9-ddb5-4fa4-a97d-d965ccfc6d4b" outcome="Passed" testListId="8c84fa94-04c1-424b-9868-57a2d4851a1d" relativeResultsDirectory="4d1b80a2-d9a3-469a-bda1-b25df1dc590f">
    </UnitTestResult>
    <UnitTestResult executionId="29672a5b-744a-4fb2-900f-8cdf2ac616e4" testId="9088ec97-5456-5b2c-c5c6-1f8040b776fc" testName="Contact" computerName="BEKK-RASMUSB" duration="00:00:00.0033106" startTime="2012-05-12T13:39:29.2849018+02:00" endTime="2012-05-12T13:39:29.2909022+02:00" testType="13cdc9d9-ddb5-4fa4-a97d-d965ccfc6d4b" outcome="Passed" testListId="8c84fa94-04c1-424b-9868-57a2d4851a1d" relativeResultsDirectory="29672a5b-744a-4fb2-900f-8cdf2ac616e4">
    </UnitTestResult>
    <UnitTestResult executionId="55169ab3-99e1-4025-a91f-47fec373c666" testId="e4eeb839-924a-d74f-e41f-8b2d7a7e451a" testName="KampIkkeFerdigspiltSkalAlltidGiNullPoeng" computerName="BEKK-RASMUSB" duration="00:00:00.0003838" startTime="2012-05-12T13:39:29.2929023+02:00" endTime="2012-05-12T13:39:29.3089032+02:00" testType="13cdc9d9-ddb5-4fa4-a97d-d965ccfc6d4b" outcome="Passed" testListId="8c84fa94-04c1-424b-9868-57a2d4851a1d" relativeResultsDirectory="55169ab3-99e1-4025-a91f-47fec373c666">
    </UnitTestResult>
  </Results>
</TestRun>