<?xml version="1.0" encoding="UTF-8"?>
<TestRun id="706573c6-b5b3-4bb8-94db-fbafd49d65ef" name="Rasmus Bauck@BEKK-RASMUSB 2012-05-12 13:40:36" runUser="BEKKNO\Rasmus Bauck" xmlns="http://microsoft.com/schemas/VisualStudio/TeamTest/2010">
  <TestSettings name="Default Test Settings" id="58383ba7-6a1e-4a61-9642-2c9c53c3c935">
    <Deployment runDeploymentRoot="Rasmus Bauck_BEKK-RASMUSB 2012-05-12 13_40_36">
      <DeploymentItem filename="D:\projects\Tipping\Tipping.Domain\bin\Debug\Tipping.Domain.dll" />
      <DeploymentItem filename="D:\projects\Tipping\Tipping\bin\Tipping.dll" />
    </Deployment>
    <Execution>
      <TestTypeSpecific />
      <AgentRule name="Execution Agents">
      </AgentRule>
    </Execution>
  </TestSettings>
  <Times creation="2012-05-12T13:40:36.9797738+02:00" queuing="2012-05-12T13:40:37.2547895+02:00" start="2012-05-12T13:40:37.2647901+02:00" finish="2012-05-12T13:40:37.9798310+02:00" />
  <ResultSummary outcome="Completed">
    <Counters total="10" executed="10" passed="10" error="0" failed="0" timeout="0" aborted="0" inconclusive="0" passedButRunAborted="0" notRunnable="0" notExecuted="0" disconnected="0" warning="0" completed="0" inProgress="0" pending="0" />
  </ResultSummary>
  <TestDefinitions>
    <UnitTest name="About" storage="d:\projects\tipping\tipping.tests\bin\debug\tipping.tests.dll" id="1e0a5c9f-db49-40fd-b0a7-83e6ac61f990">
      <Execution id="1ec8d174-51d5-465a-a04d-3f30869b4969" />
      <TestMethod codeBase="D:/projects/Tipping/Tipping.Tests/bin/Debug/Tipping.Tests.DLL" adapterTypeName="Microsoft.VisualStudio.TestTools.TestTypes.Unit.UnitTestAdapter, Microsoft.VisualStudio.QualityTools.Tips.UnitTest.Adapter, Version=10.0.0.0, Culture=neutral, PublicKeyToken=b03f5f7f11d50a3a" className="Tipping.Tests.Controllers.HomeControllerTest, Tipping.Tests, Version=1.0.0.0, Culture=neutral, PublicKeyToken=null" name="About" />
    </UnitTest>
    <UnitTest name="TipsIkkeLevertSkalAlltidGiNullPoeng" storage="d:\projects\tipping\tipping.tests\bin\debug\tipping.tests.dll" id="6e29a2a4-8a59-9bef-2773-836da5906a7a">
      <Execution id="2ad14305-df49-4750-97c9-f6a13678e230" />
      <TestMethod codeBase="D:/projects/Tipping/Tipping.Tests/bin/Debug/Tipping.Tests.DLL" adapterTypeName="Microsoft.VisualStudio.TestTools.TestTypes.Unit.UnitTestAdapter, Microsoft.VisualStudio.QualityTools.Tips.UnitTest.Adapter, Version=10.0.0.0, Culture=neutral, PublicKeyToken=b03f5f7f11d50a3a" className="Tipping.Tests.Tipping.Domain.Tests.PoengBeregnerTester, Tipping.Tests, Version=1.0.0.0, Culture=neutral, PublicKeyToken=null" name="TipsIkkeLevertSkalAlltidGiNullPoeng" />
    </UnitTest>
    <UnitTest name="RiktigDifferanseMenFeilResultatSkalGiToPoeng" storage="d:\projects\tipping\tipping.tests\bin\debug\tipping.tests.dll" id="4d24e7fb-3034-e744-4f23-044e0ce9f167">
      <Execution id="0418614f-3e63-41db-8814-9019f2193252" />
      <TestMethod codeBase="D:/projects/Tipping/Tipping.Tests/bin/Debug/Tipping.Tests.DLL" adapterTypeName="Microsoft.VisualStudio.TestTools.TestTypes.Unit.UnitTestAdapter, Microsoft.VisualStudio.QualityTools.Tips.UnitTest.Adapter, Version=10.0.0.0, Culture=neutral, PublicKeyToken=b03f5f7f11d50a3a" className="Tipping.Tests.Tipping.Domain.Tests.PoengBeregnerTester, Tipping.Tests, Version=1.0.0.0, Culture=neutral, PublicKeyToken=null" name="RiktigDifferanseMenFeilResultatSkalGiToPoeng" />
    </UnitTest>
    <UnitTest name="KampIkkeFerdigspiltSkalAlltidGiNullPoeng" storage="d:\projects\tipping\tipping.tests\bin\debug\tipping.tests.dll" id="e4eeb839-924a-d74f-e41f-8b2d7a7e451a">
      <Execution id="5b3b1db3-7a76-4f7d-9611-a4c7cfb547ed" />
      <TestMethod codeBase="D:/projects/Tipping/Tipping.Tests/bin/Debug/Tipping.Tests.DLL" adapterTypeName="Microsoft.VisualStudio.TestTools.TestTypes.Unit.UnitTestAdapter, Microsoft.VisualStudio.QualityTools.Tips.UnitTest.Adapter, Version=10.0.0.0, Culture=neutral, PublicKeyToken=b03f5f7f11d50a3a" className="Tipping.Tests.Tipping.Domain.Tests.PoengBeregnerTester, Tipping.Tests, Version=1.0.0.0, Culture=neutral, PublicKeyToken=null" name="KampIkkeFerdigspiltSkalAlltidGiNullPoeng" />
    </UnitTest>
    <UnitTest name="Index" storage="d:\projects\tipping\tipping.tests\bin\debug\tipping.tests.dll" id="3413db79-93bf-7a28-664d-6da1ff034421">
      <Execution id="6195f04c-5c2e-4b88-a314-60c988940b1c" />
      <TestMethod codeBase="D:/projects/Tipping/Tipping.Tests/bin/Debug/Tipping.Tests.DLL" adapterTypeName="Microsoft.VisualStudio.TestTools.TestTypes.Unit.UnitTestAdapter, Microsoft.VisualStudio.QualityTools.Tips.UnitTest.Adapter, Version=10.0.0.0, Culture=neutral, PublicKeyToken=b03f5f7f11d50a3a" className="Tipping.Tests.Controllers.HomeControllerTest, Tipping.Tests, Version=1.0.0.0, Culture=neutral, PublicKeyToken=null" name="Index" />
    </UnitTest>
    <UnitTest name="ForskjelligKampIDOgTipsKampIDSkalAlltidGiNullPoeng" storage="d:\projects\tipping\tipping.tests\bin\debug\tipping.tests.dll" id="729b28c2-6b32-264f-6e93-2282632eb610">
      <Execution id="44137b04-1b61-42b0-9fe1-7f8c1e682ed9" />
      <TestMethod codeBase="D:/projects/Tipping/Tipping.Tests/bin/Debug/Tipping.Tests.DLL" adapterTypeName="Microsoft.VisualStudio.TestTools.TestTypes.Unit.UnitTestAdapter, Microsoft.VisualStudio.QualityTools.Tips.UnitTest.Adapter, Version=10.0.0.0, Culture=neutral, PublicKeyToken=b03f5f7f11d50a3a" className="Tipping.Tests.Tipping.Domain.Tests.PoengBeregnerTester, Tipping.Tests, Version=1.0.0.0, Culture=neutral, PublicKeyToken=null" name="ForskjelligKampIDOgTipsKampIDSkalAlltidGiNullPoeng" />
    </UnitTest>
    <UnitTest name="EksaktRiktigTipsSkalGiFirePoeng" storage="d:\projects\tipping\tipping.tests\bin\debug\tipping.tests.dll" id="7c3d40ef-0a3d-bc0e-7415-c863b6cc761c">
      <Execution id="21df8fb4-b415-405e-8e46-4421a45576ea" />
      <TestMethod codeBase="D:/projects/Tipping/Tipping.Tests/bin/Debug/Tipping.Tests.DLL" adapterTypeName="Microsoft.VisualStudio.TestTools.TestTypes.Unit.UnitTestAdapter, Microsoft.VisualStudio.QualityTools.Tips.UnitTest.Adapter, Version=10.0.0.0, Culture=neutral, PublicKeyToken=b03f5f7f11d50a3a" className="Tipping.Tests.Tipping.Domain.Tests.PoengBeregnerTester, Tipping.Tests, Version=1.0.0.0, Culture=neutral, PublicKeyToken=null" name="EksaktRiktigTipsSkalGiFirePoeng" />
    </UnitTest>
    <UnitTest name="Contact" storage="d:\projects\tipping\tipping.tests\bin\debug\tipping.tests.dll" id="9088ec97-5456-5b2c-c5c6-1f8040b776fc">
      <Execution id="ccc45f99-4b5f-45a2-9f4a-13e7edbf4e58" />
      <TestMethod codeBase="D:/projects/Tipping/Tipping.Tests/bin/Debug/Tipping.Tests.DLL" adapterTypeName="Microsoft.VisualStudio.TestTools.TestTypes.Unit.UnitTestAdapter, Microsoft.VisualStudio.QualityTools.Tips.UnitTest.Adapter, Version=10.0.0.0, Culture=neutral, PublicKeyToken=b03f5f7f11d50a3a" className="Tipping.Tests.Controllers.HomeControllerTest, Tipping.Tests, Version=1.0.0.0, Culture=neutral, PublicKeyToken=null" name="Contact" />
    </UnitTest>
    <UnitTest name="KampConstructorFungererSomForventet" storage="d:\projects\tipping\tipping.tests\bin\debug\tipping.tests.dll" id="254f1257-3080-ed23-150f-9e6a5216b171">
      <Execution id="c08d1d1b-409b-4c58-9b2c-8e87d1e80dae" />
      <TestMethod codeBase="D:/projects/Tipping/Tipping.Tests/bin/Debug/Tipping.Tests.DLL" adapterTypeName="Microsoft.VisualStudio.TestTools.TestTypes.Unit.UnitTestAdapter, Microsoft.VisualStudio.QualityTools.Tips.UnitTest.Adapter, Version=10.0.0.0, Culture=neutral, PublicKeyToken=b03f5f7f11d50a3a" className="Tipping.Tests.Tipping.Domain.Tests.KampTester, Tipping.Tests, Version=1.0.0.0, Culture=neutral, PublicKeyToken=null" name="KampConstructorFungererSomForventet" />
    </UnitTest>
    <UnitTest name="RiktigUavgjortTippetegnMenFeilResultatSkalGiEttPoeng" storage="d:\projects\tipping\tipping.tests\bin\debug\tipping.tests.dll" id="6373b170-c5f8-84ae-cfe6-85ee62b6dfac">
      <Execution id="d036d7e4-87c3-46be-975a-5eaeb412c66c" />
      <TestMethod codeBase="D:/projects/Tipping/Tipping.Tests/bin/Debug/Tipping.Tests.DLL" adapterTypeName="Microsoft.VisualStudio.TestTools.TestTypes.Unit.UnitTestAdapter, Microsoft.VisualStudio.QualityTools.Tips.UnitTest.Adapter, Version=10.0.0.0, Culture=neutral, PublicKeyToken=b03f5f7f11d50a3a" className="Tipping.Tests.Tipping.Domain.Tests.PoengBeregnerTester, Tipping.Tests, Version=1.0.0.0, Culture=neutral, PublicKeyToken=null" name="RiktigUavgjortTippetegnMenFeilResultatSkalGiEttPoeng" />
    </UnitTest>
  </TestDefinitions>
  <TestLists>
    <TestList name="Results Not in a List" id="8c84fa94-04c1-424b-9868-57a2d4851a1d" />
    <TestList name="All Loaded Results" id="19431567-8539-422a-85d7-44ee4e166bda" />
  </TestLists>
  <TestEntries>
    <TestEntry testId="1e0a5c9f-db49-40fd-b0a7-83e6ac61f990" executionId="1ec8d174-51d5-465a-a04d-3f30869b4969" testListId="8c84fa94-04c1-424b-9868-57a2d4851a1d" />
    <TestEntry testId="254f1257-3080-ed23-150f-9e6a5216b171" executionId="c08d1d1b-409b-4c58-9b2c-8e87d1e80dae" testListId="8c84fa94-04c1-424b-9868-57a2d4851a1d" />
    <TestEntry testId="3413db79-93bf-7a28-664d-6da1ff034421" executionId="6195f04c-5c2e-4b88-a314-60c988940b1c" testListId="8c84fa94-04c1-424b-9868-57a2d4851a1d" />
    <TestEntry testId="4d24e7fb-3034-e744-4f23-044e0ce9f167" executionId="0418614f-3e63-41db-8814-9019f2193252" testListId="8c84fa94-04c1-424b-9868-57a2d4851a1d" />
    <TestEntry testId="6373b170-c5f8-84ae-cfe6-85ee62b6dfac" executionId="d036d7e4-87c3-46be-975a-5eaeb412c66c" testListId="8c84fa94-04c1-424b-9868-57a2d4851a1d" />
    <TestEntry testId="6e29a2a4-8a59-9bef-2773-836da5906a7a" executionId="2ad14305-df49-4750-97c9-f6a13678e230" testListId="8c84fa94-04c1-424b-9868-57a2d4851a1d" />
    <TestEntry testId="729b28c2-6b32-264f-6e93-2282632eb610" executionId="44137b04-1b61-42b0-9fe1-7f8c1e682ed9" testListId="8c84fa94-04c1-424b-9868-57a2d4851a1d" />
    <TestEntry testId="7c3d40ef-0a3d-bc0e-7415-c863b6cc761c" executionId="21df8fb4-b415-405e-8e46-4421a45576ea" testListId="8c84fa94-04c1-424b-9868-57a2d4851a1d" />
    <TestEntry testId="9088ec97-5456-5b2c-c5c6-1f8040b776fc" executionId="ccc45f99-4b5f-45a2-9f4a-13e7edbf4e58" testListId="8c84fa94-04c1-424b-9868-57a2d4851a1d" />
    <TestEntry testId="e4eeb839-924a-d74f-e41f-8b2d7a7e451a" executionId="5b3b1db3-7a76-4f7d-9611-a4c7cfb547ed" testListId="8c84fa94-04c1-424b-9868-57a2d4851a1d" />
  </TestEntries>
  <Results>
    <UnitTestResult executionId="1ec8d174-51d5-465a-a04d-3f30869b4969" testId="1e0a5c9f-db49-40fd-b0a7-83e6ac61f990" testName="About" computerName="BEKK-RASMUSB" duration="00:00:00.0508717" startTime="2012-05-12T13:40:37.4648015+02:00" endTime="2012-05-12T13:40:37.7428174+02:00" testType="13cdc9d9-ddb5-4fa4-a97d-d965ccfc6d4b" outcome="Passed" testListId="8c84fa94-04c1-424b-9868-57a2d4851a1d" relativeResultsDirectory="1ec8d174-51d5-465a-a04d-3f30869b4969">
    </UnitTestResult>
    <UnitTestResult executionId="c08d1d1b-409b-4c58-9b2c-8e87d1e80dae" testId="254f1257-3080-ed23-150f-9e6a5216b171" testName="KampConstructorFungererSomForventet" computerName="BEKK-RASMUSB" duration="00:00:00.0042667" startTime="2012-05-12T13:40:37.7468176+02:00" endTime="2012-05-12T13:40:37.7558181+02:00" testType="13cdc9d9-ddb5-4fa4-a97d-d965ccfc6d4b" outcome="Passed" testListId="8c84fa94-04c1-424b-9868-57a2d4851a1d" relativeResultsDirectory="c08d1d1b-409b-4c58-9b2c-8e87d1e80dae">
    </UnitTestResult>
    <UnitTestResult executionId="6195f04c-5c2e-4b88-a314-60c988940b1c" testId="3413db79-93bf-7a28-664d-6da1ff034421" testName="Index" computerName="BEKK-RASMUSB" duration="00:00:00.0130265" startTime="2012-05-12T13:40:37.7568182+02:00" endTime="2012-05-12T13:40:37.7758193+02:00" testType="13cdc9d9-ddb5-4fa4-a97d-d965ccfc6d4b" outcome="Passed" testListId="8c84fa94-04c1-424b-9868-57a2d4851a1d" relativeResultsDirectory="6195f04c-5c2e-4b88-a314-60c988940b1c">
    </UnitTestResult>
    <UnitTestResult executionId="0418614f-3e63-41db-8814-9019f2193252" testId="4d24e7fb-3034-e744-4f23-044e0ce9f167" testName="RiktigDifferanseMenFeilResultatSkalGiToPoeng" computerName="BEKK-RASMUSB" duration="00:00:00.0023973" startTime="2012-05-12T13:40:37.7778194+02:00" endTime="2012-05-12T13:40:37.8378228+02:00" testType="13cdc9d9-ddb5-4fa4-a97d-d965ccfc6d4b" outcome="Passed" testListId="8c84fa94-04c1-424b-9868-57a2d4851a1d" relativeResultsDirectory="0418614f-3e63-41db-8814-9019f2193252">
    </UnitTestResult>
    <UnitTestResult executionId="d036d7e4-87c3-46be-975a-5eaeb412c66c" testId="6373b170-c5f8-84ae-cfe6-85ee62b6dfac" testName="RiktigUavgjortTippetegnMenFeilResultatSkalGiEttPoeng" computerName="BEKK-RASMUSB" duration="00:00:00.0007413" startTime="2012-05-12T13:40:37.8388229+02:00" endTime="2012-05-12T13:40:37.8438232+02:00" testType="13cdc9d9-ddb5-4fa4-a97d-d965ccfc6d4b" outcome="Passed" testListId="8c84fa94-04c1-424b-9868-57a2d4851a1d" relativeResultsDirectory="d036d7e4-87c3-46be-975a-5eaeb412c66c">
    </UnitTestResult>
    <UnitTestResult executionId="2ad14305-df49-4750-97c9-f6a13678e230" testId="6e29a2a4-8a59-9bef-2773-836da5906a7a" testName="TipsIkkeLevertSkalAlltidGiNullPoeng" computerName="BEKK-RASMUSB" duration="00:00:00.0004414" startTime="2012-05-12T13:40:37.8448232+02:00" endTime="2012-05-12T13:40:37.8508236+02:00" testType="13cdc9d9-ddb5-4fa4-a97d-d965ccfc6d4b" outcome="Passed" testListId="8c84fa94-04c1-424b-9868-57a2d4851a1d" relativeResultsDirectory="2ad14305-df49-4750-97c9-f6a13678e230">
    </UnitTestResult>
    <UnitTestResult executionId="44137b04-1b61-42b0-9fe1-7f8c1e682ed9" testId="729b28c2-6b32-264f-6e93-2282632eb610" testName="ForskjelligKampIDOgTipsKampIDSkalAlltidGiNullPoeng" computerName="BEKK-RASMUSB" duration="00:00:00.0002342" startTime="2012-05-12T13:40:37.8518236+02:00" endTime="2012-05-12T13:40:37.8588240+02:00" testType="13cdc9d9-ddb5-4fa4-a97d-d965ccfc6d4b" outcome="Passed" testListId="8c84fa94-04c1-424b-9868-57a2d4851a1d" relativeResultsDirectory="44137b04-1b61-42b0-9fe1-7f8c1e682ed9">
    </UnitTestResult>
    <UnitTestResult executionId="21df8fb4-b415-405e-8e46-4421a45576ea" testId="7c3d40ef-0a3d-bc0e-7415-c863b6cc761c" testName="EksaktRiktigTipsSkalGiFirePoeng" computerName="BEKK-RASMUSB" duration="00:00:00.0002427" startTime="2012-05-12T13:40:37.8598241+02:00" endTime="2012-05-12T13:40:37.8658244+02:00" testType="13cdc9d9-ddb5-4fa4-a97d-d965ccfc6d4b" outcome="Passed" testListId="8c84fa94-04c1-424b-9868-57a2d4851a1d" relativeResultsDirectory="21df8fb4-b415-405e-8e46-4421a45576ea">
    </UnitTestResult>
    <UnitTestResult executionId="ccc45f99-4b5f-45a2-9f4a-13e7edbf4e58" testId="9088ec97-5456-5b2c-c5c6-1f8040b776fc" testName="Contact" computerName="BEKK-RASMUSB" duration="00:00:00.0016846" startTime="2012-05-12T13:40:37.8678246+02:00" endTime="2012-05-12T13:40:37.8788252+02:00" testType="13cdc9d9-ddb5-4fa4-a97d-d965ccfc6d4b" outcome="Passed" testListId="8c84fa94-04c1-424b-9868-57a2d4851a1d" relativeResultsDirectory="ccc45f99-4b5f-45a2-9f4a-13e7edbf4e58">
    </UnitTestResult>
    <UnitTestResult executionId="5b3b1db3-7a76-4f7d-9611-a4c7cfb547ed" testId="e4eeb839-924a-d74f-e41f-8b2d7a7e451a" testName="KampIkkeFerdigspiltSkalAlltidGiNullPoeng" computerName="BEKK-RASMUSB" duration="00:00:00.0006987" startTime="2012-05-12T13:40:37.8798252+02:00" endTime="2012-05-12T13:40:37.8898258+02:00" testType="13cdc9d9-ddb5-4fa4-a97d-d965ccfc6d4b" outcome="Passed" testListId="8c84fa94-04c1-424b-9868-57a2d4851a1d" relativeResultsDirectory="5b3b1db3-7a76-4f7d-9611-a4c7cfb547ed">
    </UnitTestResult>
  </Results>
</TestRun>